<?xml version="1.0" encoding="UTF-8"?>
<!-- Generated by org.testng.reporters.JUnitReportReporter -->
<testsuite hostname="DESKTOP-DV65NR3" name="TestNG.PassingValueToPerameter" tests="1" failures="0" timestamp="6 Jul 2018 09:48:58 GMT" time="9.643" errors="0">
  <testcase name="parameterTest" time="9.643" classname="TestNG.PassingValueToPerameter"/>
</testsuite> <!-- TestNG.PassingValueToPerameter -->
