<?xml version="1.0" encoding="UTF-8"?>
<!-- Generated by org.testng.reporters.JUnitReportReporter -->
<testsuite hostname="DESKTOP-DV65NR3" name="TestNG.AnnotationsEx" tests="6" failures="0" timestamp="6 Jul 2018 08:27:01 GMT" time="0.030" errors="0">
  <testcase name="Tc3" time="0.008" classname="TestNG.AnnotationsEx"/>
  <testcase name="Tc5" time="0.007" classname="TestNG.AnnotationsEx"/>
  <testcase name="Tc2" time="0.004" classname="TestNG.AnnotationsEx"/>
  <testcase name="Tc6" time="0.004" classname="TestNG.AnnotationsEx"/>
  <testcase name="Tc1" time="0.006" classname="TestNG.AnnotationsEx"/>
  <testcase name="Tc4" time="0.001" classname="TestNG.AnnotationsEx"/>
</testsuite> <!-- TestNG.AnnotationsEx -->
